20-05-2022 14:49:41.488 [restartedMain] INFO  com.tecnotree.sadeghkhanzadi.Application                    .logStarting - Starting Application using Java 16.0.1 on DESKTOP-IH15VC9 with PID 1520 (C:\Users\sadegh\Desktop\demo\s.khanzadi\target\classes started by sadegh in C:\Users\sadegh\Desktop\demo\s.khanzadi)
20-05-2022 14:49:41.490 [restartedMain] INFO  com.tecnotree.sadeghkhanzadi.Application                    .logStartupProfileInfo - No active profile set, falling back to 1 default profile: "default"
20-05-2022 14:49:41.541 [restartedMain] INFO  o.s.b.d.env.DevToolsPropertyDefaultsPostProcessor           .logTo - Devtools property defaults active! Set 'spring.devtools.add-properties' to 'false' to disable
20-05-2022 14:49:41.542 [restartedMain] INFO  o.s.b.d.env.DevToolsPropertyDefaultsPostProcessor           .logTo - For additional web related logging consider setting the 'logging.level.web' property to 'DEBUG'
20-05-2022 14:49:42.232 [restartedMain] INFO  o.s.d.r.config.RepositoryConfigurationDelegate              .multipleStoresDetected - Multiple Spring Data modules found, entering strict repository configuration mode!
20-05-2022 14:49:42.233 [restartedMain] INFO  o.s.d.r.config.RepositoryConfigurationDelegate              .registerRepositoriesIn - Bootstrapping Spring Data JDBC repositories in DEFAULT mode.
20-05-2022 14:49:42.262 [restartedMain] INFO  o.s.d.r.c.RepositoryConfigurationExtensionSupport           .isStrictRepositoryCandidate - Spring Data JDBC - Could not safely identify store assignment for repository candidate interface com.tecnotree.sadeghkhanzadi.modules.repository.CommentsRepository. If you want this repository to be a JDBC repository, consider annotating your entities with one of these annotations: org.springframework.data.relational.core.mapping.Table.
20-05-2022 14:49:42.264 [restartedMain] INFO  o.s.d.r.c.RepositoryConfigurationExtensionSupport           .isStrictRepositoryCandidate - Spring Data JDBC - Could not safely identify store assignment for repository candidate interface com.tecnotree.sadeghkhanzadi.modules.repository.PostsRepository. If you want this repository to be a JDBC repository, consider annotating your entities with one of these annotations: org.springframework.data.relational.core.mapping.Table.
20-05-2022 14:49:42.266 [restartedMain] INFO  o.s.d.r.c.RepositoryConfigurationExtensionSupport           .isStrictRepositoryCandidate - Spring Data JDBC - Could not safely identify store assignment for repository candidate interface com.tecnotree.sadeghkhanzadi.modules.repository.TodosRepository. If you want this repository to be a JDBC repository, consider annotating your entities with one of these annotations: org.springframework.data.relational.core.mapping.Table.
20-05-2022 14:49:42.268 [restartedMain] INFO  o.s.d.r.config.RepositoryConfigurationDelegate              .registerRepositoriesIn - Finished Spring Data repository scanning in 30 ms. Found 0 JDBC repository interfaces.
20-05-2022 14:49:42.277 [restartedMain] INFO  o.s.d.r.config.RepositoryConfigurationDelegate              .multipleStoresDetected - Multiple Spring Data modules found, entering strict repository configuration mode!
20-05-2022 14:49:42.277 [restartedMain] INFO  o.s.d.r.config.RepositoryConfigurationDelegate              .registerRepositoriesIn - Bootstrapping Spring Data JPA repositories in DEFAULT mode.
20-05-2022 14:49:42.314 [restartedMain] INFO  o.s.d.r.config.RepositoryConfigurationDelegate              .registerRepositoriesIn - Finished Spring Data repository scanning in 31 ms. Found 3 JPA repository interfaces.
20-05-2022 14:49:42.920 [restartedMain] INFO  o.s.boot.web.embedded.tomcat.TomcatWebServer                .initialize - Tomcat initialized with port(s): 8080 (http)
20-05-2022 14:49:42.929 [restartedMain] INFO  org.apache.catalina.core.StandardService                    .log - Starting service [Tomcat]
20-05-2022 14:49:42.929 [restartedMain] INFO  org.apache.catalina.core.StandardEngine                     .log - Starting Servlet engine: [Apache Tomcat/9.0.62]
20-05-2022 14:49:43.031 [restartedMain] INFO  o.a.c.core.ContainerBase.[Tomcat].[localhost].[/]           .log - Initializing Spring embedded WebApplicationContext
20-05-2022 14:49:43.031 [restartedMain] INFO  o.s.b.w.s.c.ServletWebServerApplicationContext              .prepareWebApplicationContext - Root WebApplicationContext: initialization completed in 1488 ms
20-05-2022 14:49:43.061 [restartedMain] INFO  com.zaxxer.hikari.HikariDataSource                          .getConnection - HikariPool-1 - Starting...
20-05-2022 14:49:43.153 [restartedMain] INFO  com.zaxxer.hikari.HikariDataSource                          .getConnection - HikariPool-1 - Start completed.
20-05-2022 14:49:43.162 [restartedMain] INFO  o.s.b.autoconfigure.h2.H2ConsoleAutoConfiguration           .logDataSources - H2 console available at '/h2'. Database available at 'jdbc:h2:mem:mydb'
20-05-2022 14:49:43.287 [restartedMain] INFO  org.hibernate.jpa.internal.util.LogHelper                   .logPersistenceUnitInformation - HHH000204: Processing PersistenceUnitInfo [name: default]
20-05-2022 14:49:43.336 [restartedMain] INFO  org.hibernate.Version                                       .logVersion - HHH000412: Hibernate ORM core version 5.6.8.Final
20-05-2022 14:49:43.465 [restartedMain] INFO  org.hibernate.annotations.common.Version                    .<clinit> - HCANN000001: Hibernate Commons Annotations {5.1.2.Final}
20-05-2022 14:49:43.564 [restartedMain] INFO  org.hibernate.dialect.Dialect                               .<init> - HHH000400: Using dialect: org.hibernate.dialect.H2Dialect
20-05-2022 14:49:44.151 [restartedMain] INFO  o.h.e.t.jta.platform.internal.JtaPlatformInitiator          .initiateService - HHH000490: Using JtaPlatform implementation: [org.hibernate.engine.transaction.jta.platform.internal.NoJtaPlatform]
20-05-2022 14:49:44.160 [restartedMain] INFO  o.s.orm.jpa.LocalContainerEntityManagerFactoryBean          .buildNativeEntityManagerFactory - Initialized JPA EntityManagerFactory for persistence unit 'default'
20-05-2022 14:49:44.688 [restartedMain] WARN  o.s.b.a.o.j.JpaBaseConfiguration$JpaWebConfiguration        .openEntityManagerInViewInterceptor - spring.jpa.open-in-view is enabled by default. Therefore, database queries may be performed during view rendering. Explicitly configure spring.jpa.open-in-view to disable this warning
20-05-2022 14:49:44.794 [restartedMain] DEBUG o.s.w.s.m.m.a.RequestMappingHandlerAdapter                  .initControllerAdviceCache - ControllerAdvice beans: 0 @ModelAttribute, 0 @InitBinder, 1 RequestBodyAdvice, 1 ResponseBodyAdvice
20-05-2022 14:49:44.855 [restartedMain] DEBUG o.s.w.s.m.m.a.RequestMappingHandlerMapping                  .handlerMethodsInitialized - 19 mappings in 'requestMappingHandlerMapping'
20-05-2022 14:49:44.896 [restartedMain] DEBUG o.s.web.servlet.handler.SimpleUrlHandlerMapping             .logMappings - Patterns [/webjars/**, /**] in 'resourceHandlerMapping'
20-05-2022 14:49:44.908 [restartedMain] DEBUG o.s.w.s.m.m.a.ExceptionHandlerExceptionResolver             .initExceptionHandlerAdviceCache - ControllerAdvice beans: 0 @ExceptionHandler, 1 ResponseBodyAdvice
20-05-2022 14:49:45.106 [restartedMain] INFO  o.s.b.d.autoconfigure.OptionalLiveReloadServer              .startServer - LiveReload server is running on port 35729
20-05-2022 14:49:45.144 [restartedMain] INFO  o.s.boot.web.embedded.tomcat.TomcatWebServer                .start - Tomcat started on port(s): 8080 (http) with context path ''
20-05-2022 14:49:45.155 [restartedMain] INFO  com.tecnotree.sadeghkhanzadi.Application                    .logStarted - Started Application in 4.269 seconds (JVM running for 5.35)
20-05-2022 14:49:45.263 [restartedMain] DEBUG org.springframework.web.client.RestTemplate                 .debug - HTTP GET https://jsonplaceholder.typicode.com/posts
20-05-2022 14:49:45.273 [restartedMain] DEBUG org.springframework.web.client.RestTemplate                 .debug - Accept=[application/json, application/*+json]
20-05-2022 14:49:45.842 [restartedMain] DEBUG org.springframework.web.client.RestTemplate                 .debug - Response 200 OK
20-05-2022 14:49:45.846 [restartedMain] DEBUG org.springframework.web.client.RestTemplate                 .debug - Reading to [java.util.List<?>]
20-05-2022 14:49:45.937 [restartedMain] INFO  c.t.s.modules.controller.GetEntityForURlController          .getEntityPosts - I Can Get Posts Entity From URL:https://jsonplaceholder.typicode.com/posts
20-05-2022 14:49:45.940 [restartedMain] DEBUG org.springframework.web.client.RestTemplate                 .debug - HTTP GET https://jsonplaceholder.typicode.com/comments
20-05-2022 14:49:45.940 [restartedMain] DEBUG org.springframework.web.client.RestTemplate                 .debug - Accept=[application/json, application/*+json]
20-05-2022 14:49:46.058 [restartedMain] DEBUG org.springframework.web.client.RestTemplate                 .debug - Response 200 OK
20-05-2022 14:49:46.058 [restartedMain] DEBUG org.springframework.web.client.RestTemplate                 .debug - Reading to [java.util.List<?>]
20-05-2022 14:49:46.234 [restartedMain] INFO  c.t.s.modules.controller.GetEntityForURlController          .getEntityComments - I Can Get Comments Entity From URL:https://jsonplaceholder.typicode.com/comments
20-05-2022 14:49:46.235 [restartedMain] DEBUG org.springframework.web.client.RestTemplate                 .debug - HTTP GET https://jsonplaceholder.typicode.com/todos
20-05-2022 14:49:46.235 [restartedMain] DEBUG org.springframework.web.client.RestTemplate                 .debug - Accept=[application/json, application/*+json]
20-05-2022 14:49:46.365 [restartedMain] DEBUG org.springframework.web.client.RestTemplate                 .debug - Response 200 OK
20-05-2022 14:49:46.366 [restartedMain] DEBUG org.springframework.web.client.RestTemplate                 .debug - Reading to [java.util.List<?>]
20-05-2022 14:49:46.396 [restartedMain] INFO  c.t.s.modules.controller.GetEntityForURlController          .getEntityTodos - I Can Get Todos Entity From URL:https://jsonplaceholder.typicode.com/todos
20-05-2022 14:51:07.990 [SpringApplicationShutdownHook] INFO  o.s.orm.jpa.LocalContainerEntityManagerFactoryBean          .destroy - Closing JPA EntityManagerFactory for persistence unit 'default'
20-05-2022 14:51:08.181 [HikariPool-1 connection adder] ERROR com.zaxxer.hikari.pool.HikariPool                           .createPoolEntry - HikariPool-1 - Error thrown while acquiring connection from data source
org.h2.jdbc.JdbcSQLNonTransientConnectionException: Database is already closed (to disable automatic closing at VM shutdown, add ";DB_CLOSE_ON_EXIT=FALSE" to the db URL) [90121-200]
	at org.h2.message.DbException.getJdbcSQLException(DbException.java:622)
	at org.h2.message.DbException.getJdbcSQLException(DbException.java:429)
	at org.h2.message.DbException.get(DbException.java:205)
	at org.h2.message.DbException.get(DbException.java:181)
	at org.h2.message.DbException.get(DbException.java:170)
	at org.h2.jdbc.JdbcConnection.checkClosed(JdbcConnection.java:1514)
	at org.h2.jdbc.JdbcConnection.checkClosed(JdbcConnection.java:1490)
	at org.h2.jdbc.JdbcConnection.isReadOnly(JdbcConnection.java:629)
	at com.zaxxer.hikari.pool.PoolBase.setupConnection(PoolBase.java:408)
	at com.zaxxer.hikari.pool.PoolBase.newConnection(PoolBase.java:369)
	at com.zaxxer.hikari.pool.PoolBase.newPoolEntry(PoolBase.java:206)
	at com.zaxxer.hikari.pool.HikariPool.createPoolEntry(HikariPool.java:476)
	at com.zaxxer.hikari.pool.HikariPool.access$100(HikariPool.java:71)
	at com.zaxxer.hikari.pool.HikariPool$PoolEntryCreator.call(HikariPool.java:726)
	at com.zaxxer.hikari.pool.HikariPool$PoolEntryCreator.call(HikariPool.java:712)
	at java.base/java.util.concurrent.FutureTask.run$$$capture(FutureTask.java:264)
	at java.base/java.util.concurrent.FutureTask.run(FutureTask.java)
	at java.base/java.util.concurrent.ThreadPoolExecutor.runWorker(ThreadPoolExecutor.java:1130)
	at java.base/java.util.concurrent.ThreadPoolExecutor$Worker.run(ThreadPoolExecutor.java:630)
	at java.base/java.lang.Thread.run(Thread.java:831)
20-05-2022 14:51:08.377 [SpringApplicationShutdownHook] WARN  o.s.beans.factory.support.DisposableBeanAdapter             .destroy - Invocation of destroy method failed on bean with name 'inMemoryDatabaseShutdownExecutor': org.h2.jdbc.JdbcSQLNonTransientConnectionException: Database is already closed (to disable automatic closing at VM shutdown, add ";DB_CLOSE_ON_EXIT=FALSE" to the db URL) [90121-200]
20-05-2022 14:51:08.378 [SpringApplicationShutdownHook] INFO  com.zaxxer.hikari.HikariDataSource                          .close - HikariPool-1 - Shutdown initiated...
20-05-2022 14:51:08.439 [SpringApplicationShutdownHook] INFO  com.zaxxer.hikari.HikariDataSource                          .close - HikariPool-1 - Shutdown completed.
